{"/home/guest1user1/Documentos/workspace_antigravity/games/v2/jwt_gen/index.js": {"path":"/home/guest1user1/Documentos/workspace_antigravity/games/v2/jwt_gen/index.js","statementMap":{"0":{"start":{"line":1,"column":0},"end":{"line":1,"column":null}},"1":{"start":{"line":2,"column":12},"end":{"line":2,"column":35}},"2":{"start":{"line":3,"column":15},"end":{"line":3,"column":34}},"3":{"start":{"line":5,"column":22},"end":{"line":21,"column":1}},"4":{"start":{"line":6,"column":4},"end":{"line":20,"column":null}},"5":{"start":{"line":7,"column":8},"end":{"line":9,"column":null}},"6":{"start":{"line":8,"column":12},"end":{"line":8,"column":null}},"7":{"start":{"line":11,"column":8},"end":{"line":11,"column":null}},"8":{"start":{"line":13,"column":22},"end":{"line":13,"column":62}},"9":{"start":{"line":15,"column":8},"end":{"line":15,"column":null}},"10":{"start":{"line":16,"column":8},"end":{"line":16,"column":null}},"11":{"start":{"line":18,"column":8},"end":{"line":18,"column":null}},"12":{"start":{"line":19,"column":8},"end":{"line":19,"column":null}},"13":{"start":{"line":23,"column":13},"end":{"line":47,"column":1}},"14":{"start":{"line":24,"column":19},"end":{"line":24,"column":41}},"15":{"start":{"line":25,"column":22},"end":{"line":25,"column":56}},"16":{"start":{"line":28,"column":17},"end":{"line":28,"column":38}},"17":{"start":{"line":29,"column":18},"end":{"line":29,"column":50}},"18":{"start":{"line":31,"column":4},"end":{"line":37,"column":null}},"19":{"start":{"line":32,"column":8},"end":{"line":36,"column":null}},"20":{"start":{"line":33,"column":12},"end":{"line":33,"column":null}},"21":{"start":{"line":35,"column":12},"end":{"line":35,"column":null}},"22":{"start":{"line":39,"column":4},"end":{"line":46,"column":null}},"23":{"start":{"line":40,"column":22},"end":{"line":40,"column":63}},"24":{"start":{"line":41,"column":8},"end":{"line":41,"column":null}},"25":{"start":{"line":42,"column":8},"end":{"line":42,"column":null}},"26":{"start":{"line":43,"column":8},"end":{"line":43,"column":null}},"27":{"start":{"line":45,"column":8},"end":{"line":45,"column":null}},"28":{"start":{"line":49,"column":0},"end":{"line":51,"column":null}},"29":{"start":{"line":50,"column":4},"end":{"line":50,"column":null}},"30":{"start":{"line":53,"column":0},"end":{"line":53,"column":null}}},"fnMap":{"0":{"name":"(anonymous_0)","decl":{"start":{"line":5,"column":22},"end":{"line":5,"column":23}},"loc":{"start":{"line":5,"column":54},"end":{"line":21,"column":1}},"line":5},"1":{"name":"(anonymous_1)","decl":{"start":{"line":23,"column":13},"end":{"line":23,"column":14}},"loc":{"start":{"line":23,"column":19},"end":{"line":47,"column":1}},"line":23}},"branchMap":{"0":{"loc":{"start":{"line":7,"column":8},"end":{"line":9,"column":null}},"type":"if","locations":[{"start":{"line":7,"column":8},"end":{"line":9,"column":null}},{"start":{},"end":{}}],"line":7},"1":{"loc":{"start":{"line":25,"column":22},"end":{"line":25,"column":56}},"type":"binary-expr","locations":[{"start":{"line":25,"column":22},"end":{"line":25,"column":48}},{"start":{"line":25,"column":52},"end":{"line":25,"column":56}}],"line":25},"2":{"loc":{"start":{"line":31,"column":4},"end":{"line":37,"column":null}},"type":"if","locations":[{"start":{"line":31,"column":4},"end":{"line":37,"column":null}},{"start":{},"end":{}}],"line":31},"3":{"loc":{"start":{"line":49,"column":0},"end":{"line":51,"column":null}},"type":"if","locations":[{"start":{"line":49,"column":0},"end":{"line":51,"column":null}},{"start":{},"end":{}}],"line":49}},"s":{"0":1,"1":1,"2":1,"3":1,"4":7,"5":7,"6":2,"7":5,"8":5,"9":5,"10":5,"11":2,"12":2,"13":1,"14":4,"15":4,"16":4,"17":4,"18":4,"19":2,"20":2,"21":1,"22":4,"23":4,"24":4,"25":4,"26":4,"27":1,"28":1,"29":0,"30":1},"f":{"0":7,"1":4},"b":{"0":[2,5],"1":[4,4],"2":[2,2],"3":[0,1]},"meta":{"lastBranch":4,"lastFunction":2,"lastStatement":31,"seen":{"s:1:0:1:Infinity":0,"s:2:12:2:35":1,"s:3:15:3:34":2,"s:5:22:21:1":3,"f:5:22:5:23":0,"s:6:4:20:Infinity":4,"b:7:8:9:Infinity:undefined:undefined:undefined:undefined":0,"s:7:8:9:Infinity":5,"s:8:12:8:Infinity":6,"s:11:8:11:Infinity":7,"s:13:22:13:62":8,"s:15:8:15:Infinity":9,"s:16:8:16:Infinity":10,"s:18:8:18:Infinity":11,"s:19:8:19:Infinity":12,"s:23:13:47:1":13,"f:23:13:23:14":1,"s:24:19:24:41":14,"s:25:22:25:56":15,"b:25:22:25:48:25:52:25:56":1,"s:28:17:28:38":16,"s:29:18:29:50":17,"b:31:4:37:Infinity:undefined:undefined:undefined:undefined":2,"s:31:4:37:Infinity":18,"s:32:8:36:Infinity":19,"s:33:12:33:Infinity":20,"s:35:12:35:Infinity":21,"s:39:4:46:Infinity":22,"s:40:22:40:63":23,"s:41:8:41:Infinity":24,"s:42:8:42:Infinity":25,"s:43:8:43:Infinity":26,"s:45:8:45:Infinity":27,"b:49:0:51:Infinity:undefined:undefined:undefined:undefined":3,"s:49:0:51:Infinity":28,"s:50:4:50:Infinity":29,"s:53:0:53:Infinity":30}}}
,"/home/guest1user1/Documentos/workspace_antigravity/games/v2/jwt_gen/logger.js": {"path":"/home/guest1user1/Documentos/workspace_antigravity/games/v2/jwt_gen/logger.js","statementMap":{"0":{"start":{"line":1,"column":11},"end":{"line":1,"column":24}},"1":{"start":{"line":2,"column":13},"end":{"line":2,"column":28}},"2":{"start":{"line":4,"column":17},"end":{"line":4,"column":48}},"3":{"start":{"line":6,"column":12},"end":{"line":19,"column":1}},"4":{"start":{"line":7,"column":22},"end":{"line":7,"column":46}},"5":{"start":{"line":8,"column":21},"end":{"line":13,"column":5}},"6":{"start":{"line":15,"column":22},"end":{"line":15,"column":46}},"7":{"start":{"line":16,"column":4},"end":{"line":16,"column":null}},"8":{"start":{"line":18,"column":4},"end":{"line":18,"column":null}},"9":{"start":{"line":21,"column":0},"end":{"line":25,"column":null}},"10":{"start":{"line":22,"column":25},"end":{"line":22,"column":47}},"11":{"start":{"line":23,"column":25},"end":{"line":23,"column":47}},"12":{"start":{"line":24,"column":26},"end":{"line":24,"column":49}}},"fnMap":{"0":{"name":"(anonymous_0)","decl":{"start":{"line":6,"column":12},"end":{"line":6,"column":13}},"loc":{"start":{"line":6,"column":45},"end":{"line":19,"column":1}},"line":6},"1":{"name":"(anonymous_1)","decl":{"start":{"line":22,"column":10},"end":{"line":22,"column":11}},"loc":{"start":{"line":22,"column":25},"end":{"line":22,"column":47}},"line":22},"2":{"name":"(anonymous_2)","decl":{"start":{"line":23,"column":10},"end":{"line":23,"column":11}},"loc":{"start":{"line":23,"column":25},"end":{"line":23,"column":47}},"line":23},"3":{"name":"(anonymous_3)","decl":{"start":{"line":24,"column":11},"end":{"line":24,"column":12}},"loc":{"start":{"line":24,"column":26},"end":{"line":24,"column":49}},"line":24}},"branchMap":{"0":{"loc":{"start":{"line":6,"column":29},"end":{"line":6,"column":40}},"type":"default-arg","locations":[{"start":{"line":6,"column":36},"end":{"line":6,"column":40}}],"line":6},"1":{"loc":{"start":{"line":12,"column":12},"end":{"line":12,"column":28}},"type":"binary-expr","locations":[{"start":{"line":12,"column":12},"end":{"line":12,"column":16}},{"start":{"line":12,"column":20},"end":{"line":12,"column":28}}],"line":12}},"s":{"0":1,"1":1,"2":1,"3":1,"4":15,"5":15,"6":15,"7":15,"8":15,"9":1,"10":11,"11":1,"12":3},"f":{"0":15,"1":11,"2":1,"3":3},"b":{"0":[15],"1":[15,7]},"meta":{"lastBranch":2,"lastFunction":4,"lastStatement":13,"seen":{"s:1:11:1:24":0,"s:2:13:2:28":1,"s:4:17:4:48":2,"s:6:12:19:1":3,"f:6:12:6:13":0,"b:6:36:6:40":0,"s:7:22:7:46":4,"s:8:21:13:5":5,"b:12:12:12:16:12:20:12:28":1,"s:15:22:15:46":6,"s:16:4:16:Infinity":7,"s:18:4:18:Infinity":8,"s:21:0:25:Infinity":9,"f:22:10:22:11":1,"s:22:25:22:47":10,"f:23:10:23:11":2,"s:23:25:23:47":11,"f:24:11:24:12":3,"s:24:26:24:49":12}}}
}
